[2026-02-14T20:48:09.752Z] Message sent successfully
[2026-02-14T20:49:47.320Z]
{
  "success": true,
  "message": "Message sent successfully"
}

[2026-02-14T22:16:15.044Z]
{
  "success": true,
  "message": "Message sent successfully"
}

[2026-02-14T22:19:10.811Z]
{
  "success": true,
  "message": "Message sent successfully"
}

[2026-02-14T22:19:42.344Z]
{
  "success": true,
  "message": "Message sent successfully"
}

[2026-02-14T22:21:04.094Z]
{
  "success": true,
  "message": "Message sent successfully"
}

[2026-02-14T22:22:58.903Z]
{
  "success": true,
  "message": "Message sent successfully"
}

[2026-02-14T22:24:58.678Z]
{
  "success": true,
  "message": "Message sent successfully"
}

[2026-02-14T22:25:30.473Z]
{
  "success": true,
  "message": "Message sent successfully"
}

[2026-02-14T22:28:05.647Z]
{
  "success": true,
  "message": "Message sent successfully"
}

[2026-02-14T22:28:17.267Z]
{
  "success": true,
  "message": "Message sent successfully"
}

[2026-02-14T22:34:01.416Z]
{
  "success": true,
  "message": "Message sent successfully"
}

[2026-02-14T22:35:38.595Z]
{
  "success": true,
  "message": "Message sent successfully"
}

[2026-02-14T22:37:13.839Z]
{
  "success": true,
  "message": "Message sent successfully"
}

[2026-02-14T22:39:58.532Z]
{
  "success": true,
  "message": "Message sent successfully"
}

[2026-02-14T22:42:59.079Z]
{
  "success": true,
  "message": "Message sent successfully"
}

[2026-02-14T22:43:29.196Z]
{
  "success": true,
  "message": "Message sent successfully"
}

[2026-02-14T22:44:00.205Z]
{
  "success": true,
  "message": "Message sent successfully"
}

[2026-02-14T22:44:32.255Z]
{
  "success": true,
  "message": "Message sent successfully"
}

[2026-02-14T22:45:15.940Z]
{
  "success": true,
  "message": "Message sent successfully"
}

[2026-02-14T22:45:51.560Z]
{
  "success": true,
  "message": "Message sent successfully"
}

[2026-02-14T22:46:58.495Z]
{
  "success": true,
  "message": "Message sent successfully"
}

[2026-02-14T22:47:28.108Z]
{
  "success": true,
  "message": "Message sent successfully"
}

[2026-02-14T22:47:56.538Z]
{
  "success": true,
  "message": "Message sent successfully"
}

[2026-02-14T22:48:30.935Z]
{
  "success": true,
  "message": "Message sent successfully"
}

[2026-02-14T22:49:08.324Z]
{
  "success": true,
  "message": "Message sent successfully"
}

[2026-02-14T22:52:45.087Z]
{
  "success": true,
  "message": "Message sent successfully"
}

[2026-02-14T22:53:33.753Z]
{
  "success": true,
  "message": "Message sent successfully"
}

[2026-02-14T22:55:25.548Z]
{
  "success": true,
  "message": "Message sent successfully"
}

[2026-02-14T23:04:47.662Z]
{
  "success": true,
  "message": "Message sent successfully"
}

[2026-02-14T23:05:07.472Z]
{
  "success": true,
  "message": "Message sent successfully"
}

[2026-02-14T23:05:38.731Z]
{
  "success": true,
  "message": "Message sent successfully"
}

[2026-02-14T23:06:18.923Z]
{
  "success": true,
  "message": "Message sent successfully"
}

[2026-02-14T23:07:38.481Z]
{
  "success": true,
  "message": "Message sent successfully"
}

[2026-02-14T23:08:20.385Z]
{
  "success": true,
  "message": "Message sent successfully"
}

[2026-02-14T23:08:53.464Z]
{
  "success": true,
  "message": "Message sent successfully"
}

[2026-02-14T23:10:34.123Z]
{
  "success": true,
  "message": "Message sent successfully"
}

